# JRE version: OpenJDK Runtime Environment (7.0_79-b14) (build 1.7.0_79-b14)
# Java VM: OpenJDK 64-Bit Server VM (24.79-b02 mixed mode linux-amd64 compressed oops)
Heap
 par new generation   total 184320K, used 155616K [0x0000000080c00000, 0x000000008d400000, 0x000000008d400000)
  eden space 163840K,  88% used [0x0000000080c00000, 0x0000000089a03a60, 0x000000008ac00000)
  from space 20480K,  49% used [0x000000008c000000, 0x000000008c9f4860, 0x000000008d400000)
  to   space 20480K,   0% used [0x000000008ac00000, 0x000000008ac00000, 0x000000008c000000)
 concurrent mark-sweep generation total 1709056K, used 837373K [0x000000008d400000, 0x00000000f5900000, 0x00000000f5a00000)
 concurrent-mark-sweep perm gen total 33640K, used 30901K [0x00000000f5a00000, 0x00000000f7ada000, 0x0000000100000000)
GC Heap History (10 events):
Event: 6020.901 GC heap before
{Heap before GC invocations=172 (full 1):
 par new generation   total 184320K, used 171735K [0x0000000080c00000, 0x000000008d400000, 0x000000008d400000)
  eden space 163840K, 100% used [0x0000000080c00000, 0x000000008ac00000, 0x000000008ac00000)
  from space 20480K,  38% used [0x000000008ac00000, 0x000000008b3b5f80, 0x000000008c000000)
  to   space 20480K,   0% used [0x000000008c000000, 0x000000008c000000, 0x000000008d400000)
 concurrent mark-sweep generation total 1709056K, used 800712K [0x000000008d400000, 0x00000000f5900000, 0x00000000f5a00000)
 concurrent-mark-sweep perm gen total 33640K, used 30900K [0x00000000f5a00000, 0x00000000f7ada000, 0x0000000100000000)
Event: 6020.977 GC heap after
Heap after GC invocations=173 (full 1):
 par new generation   total 184320K, used 11856K [0x0000000080c00000, 0x000000008d400000, 0x000000008d400000)
  eden space 163840K,   0% used [0x0000000080c00000, 0x0000000080c00000, 0x000000008ac00000)
  from space 20480K,  57% used [0x000000008c000000, 0x000000008cb941b8, 0x000000008d400000)
  to   space 20480K,   0% used [0x000000008ac00000, 0x000000008ac00000, 0x000000008c000000)
 concurrent mark-sweep generation total 1709056K, used 807427K [0x000000008d400000, 0x00000000f5900000, 0x00000000f5a00000)
 concurrent-mark-sweep perm gen total 33640K, used 30900K [0x00000000f5a00000, 0x00000000f7ada000, 0x0000000100000000)
}
Event: 6067.877 GC heap before
{Heap before GC invocations=173 (full 1):
 par new generation   total 184320K, used 175696K [0x0000000080c00000, 0x000000008d400000, 0x000000008d400000)
  eden space 163840K, 100% used [0x0000000080c00000, 0x000000008ac00000, 0x000000008ac00000)
  from space 20480K,  57% used [0x000000008c000000, 0x000000008cb941b8, 0x000000008d400000)
  to   space 20480K,   0% used [0x000000008ac00000, 0x000000008ac00000, 0x000000008c000000)
 concurrent mark-sweep generation total 1709056K, used 807427K [0x000000008d400000, 0x00000000f5900000, 0x00000000f5a00000)
 concurrent-mark-sweep perm gen total 33640K, used 30900K [0x00000000f5a00000, 0x00000000f7ada000, 0x0000000100000000)
Event: 6067.953 GC heap after
Heap after GC invocations=174 (full 1):
 par new generation   total 184320K, used 9884K [0x0000000080c00000, 0x000000008d400000, 0x000000008d400000)
  eden space 163840K,   0% used [0x0000000080c00000, 0x0000000080c00000, 0x000000008ac00000)
  from space 20480K,  48% used [0x000000008ac00000, 0x000000008b5a7370, 0x000000008c000000)
  to   space 20480K,   0% used [0x000000008c000000, 0x000000008c000000, 0x000000008d400000)
 concurrent mark-sweep generation total 1709056K, used 814139K [0x000000008d400000, 0x00000000f5900000, 0x00000000f5a00000)
 concurrent-mark-sweep perm gen total 33640K, used 30900K [0x00000000f5a00000, 0x00000000f7ada000, 0x0000000100000000)
}
Event: 6127.617 GC heap before
{Heap before GC invocations=174 (full 1):
 par new generation   total 184320K, used 173724K [0x0000000080c00000, 0x000000008d400000, 0x000000008d400000)
  eden space 163840K, 100% used [0x0000000080c00000, 0x000000008ac00000, 0x000000008ac00000)
  from space 20480K,  48% used [0x000000008ac00000, 0x000000008b5a7370, 0x000000008c000000)
  to   space 20480K,   0% used [0x000000008c000000, 0x000000008c000000, 0x000000008d400000)
 concurrent mark-sweep generation total 1709056K, used 814139K [0x000000008d400000, 0x00000000f5900000, 0x00000000f5a00000)
 concurrent-mark-sweep perm gen total 33640K, used 30900K [0x00000000f5a00000, 0x00000000f7ada000, 0x0000000100000000)
Event: 6127.716 GC heap after
Heap after GC invocations=175 (full 1):
 par new generation   total 184320K, used 11593K [0x0000000080c00000, 0x000000008d400000, 0x000000008d400000)
  eden space 163840K,   0% used [0x0000000080c00000, 0x0000000080c00000, 0x000000008ac00000)
  from space 20480K,  56% used [0x000000008c000000, 0x000000008cb52510, 0x000000008d400000)
  to   space 20480K,   0% used [0x000000008ac00000, 0x000000008ac00000, 0x000000008c000000)
 concurrent mark-sweep generation total 1709056K, used 823191K [0x000000008d400000, 0x00000000f5900000, 0x00000000f5a00000)
 concurrent-mark-sweep perm gen total 33640K, used 30900K [0x00000000f5a00000, 0x00000000f7ada000, 0x0000000100000000)
}
Event: 6192.398 GC heap before
{Heap before GC invocations=175 (full 1):
 par new generation   total 184320K, used 175433K [0x0000000080c00000, 0x000000008d400000, 0x000000008d400000)
  eden space 163840K, 100% used [0x0000000080c00000, 0x000000008ac00000, 0x000000008ac00000)
  from space 20480K,  56% used [0x000000008c000000, 0x000000008cb52510, 0x000000008d400000)
  to   space 20480K,   0% used [0x000000008ac00000, 0x000000008ac00000, 0x000000008c000000)
 concurrent mark-sweep generation total 1709056K, used 823191K [0x000000008d400000, 0x00000000f5900000, 0x00000000f5a00000)
 concurrent-mark-sweep perm gen total 33640K, used 30900K [0x00000000f5a00000, 0x00000000f7ada000, 0x0000000100000000)
Event: 6192.490 GC heap after
Heap after GC invocations=176 (full 1):
 par new generation   total 184320K, used 7543K [0x0000000080c00000, 0x000000008d400000, 0x000000008d400000)
  eden space 163840K,   0% used [0x0000000080c00000, 0x0000000080c00000, 0x000000008ac00000)
  from space 20480K,  36% used [0x000000008ac00000, 0x000000008b35ddd0, 0x000000008c000000)
  to   space 20480K,   0% used [0x000000008c000000, 0x000000008c000000, 0x000000008d400000)
 concurrent mark-sweep generation total 1709056K, used 830719K [0x000000008d400000, 0x00000000f5900000, 0x00000000f5a00000)
 concurrent-mark-sweep perm gen total 33640K, used 30900K [0x00000000f5a00000, 0x00000000f7ada000, 0x0000000100000000)
}
Event: 6257.542 GC heap before
{Heap before GC invocations=176 (full 1):
 par new generation   total 184320K, used 171383K [0x0000000080c00000, 0x000000008d400000, 0x000000008d400000)
  eden space 163840K, 100% used [0x0000000080c00000, 0x000000008ac00000, 0x000000008ac00000)
  from space 20480K,  36% used [0x000000008ac00000, 0x000000008b35ddd0, 0x000000008c000000)
  to   space 20480K,   0% used [0x000000008c000000, 0x000000008c000000, 0x000000008d400000)
 concurrent mark-sweep generation total 1709056K, used 830719K [0x000000008d400000, 0x00000000f5900000, 0x00000000f5a00000)
 concurrent-mark-sweep perm gen total 33640K, used 30900K [0x00000000f5a00000, 0x00000000f7ada000, 0x0000000100000000)
Event: 6257.659 GC heap after
Heap after GC invocations=177 (full 1):
 par new generation   total 184320K, used 10194K [0x0000000080c00000, 0x000000008d400000, 0x000000008d400000)
  eden space 163840K,   0% used [0x0000000080c00000, 0x0000000080c00000, 0x000000008ac00000)
  from space 20480K,  49% used [0x000000008c000000, 0x000000008c9f4860, 0x000000008d400000)
  to   space 20480K,   0% used [0x000000008ac00000, 0x000000008ac00000, 0x000000008c000000)
 concurrent mark-sweep generation total 1709056K, used 837373K [0x000000008d400000, 0x00000000f5900000, 0x00000000f5a00000)
 concurrent-mark-sweep perm gen total 33640K, used 30900K [0x00000000f5a00000, 0x00000000f7ada000, 0x0000000100000000)
}

