# JRE version: OpenJDK Runtime Environment (7.0_79-b14) (build 1.7.0_79-b14)
# Java VM: OpenJDK 64-Bit Server VM (24.79-b02 mixed mode linux-amd64 compressed oops)
Heap
 par new generation   total 184320K, used 48158K [0x0000000080c00000, 0x000000008d400000, 0x000000008d400000)
  eden space 163840K,  22% used [0x0000000080c00000, 0x00000000830974b0, 0x000000008ac00000)
  from space 20480K,  52% used [0x000000008c000000, 0x000000008ca703d8, 0x000000008d400000)
  to   space 20480K,   0% used [0x000000008ac00000, 0x000000008ac00000, 0x000000008c000000)
 concurrent mark-sweep generation total 1709056K, used 1066043K [0x000000008d400000, 0x00000000f5900000, 0x00000000f5a00000)
 concurrent-mark-sweep perm gen total 33648K, used 30736K [0x00000000f5a00000, 0x00000000f7adc000, 0x0000000100000000)
GC Heap History (10 events):
Event: 93779.023 GC heap before
{Heap before GC invocations=218 (full 1):
 par new generation   total 184320K, used 166012K [0x0000000080c00000, 0x000000008d400000, 0x000000008d400000)
  eden space 163840K, 100% used [0x0000000080c00000, 0x000000008ac00000, 0x000000008ac00000)
  from space 20480K,  10% used [0x000000008ac00000, 0x000000008ae1f1b0, 0x000000008c000000)
  to   space 20480K,   0% used [0x000000008c000000, 0x000000008c000000, 0x000000008d400000)
 concurrent mark-sweep generation total 1709056K, used 1056072K [0x000000008d400000, 0x00000000f5900000, 0x00000000f5a00000)
 concurrent-mark-sweep perm gen total 33648K, used 30736K [0x00000000f5a00000, 0x00000000f7adc000, 0x0000000100000000)
Event: 93779.040 GC heap after
Heap after GC invocations=219 (full 1):
 par new generation   total 184320K, used 570K [0x0000000080c00000, 0x000000008d400000, 0x000000008d400000)
  eden space 163840K,   0% used [0x0000000080c00000, 0x0000000080c00000, 0x000000008ac00000)
  from space 20480K,   2% used [0x000000008c000000, 0x000000008c08ebf0, 0x000000008d400000)
  to   space 20480K,   0% used [0x000000008ac00000, 0x000000008ac00000, 0x000000008c000000)
 concurrent mark-sweep generation total 1709056K, used 1056201K [0x000000008d400000, 0x00000000f5900000, 0x00000000f5a00000)
 concurrent-mark-sweep perm gen total 33648K, used 30736K [0x00000000f5a00000, 0x00000000f7adc000, 0x0000000100000000)
}
Event: 93779.509 GC heap before
{Heap before GC invocations=219 (full 1):
 par new generation   total 184320K, used 164410K [0x0000000080c00000, 0x000000008d400000, 0x000000008d400000)
  eden space 163840K, 100% used [0x0000000080c00000, 0x000000008ac00000, 0x000000008ac00000)
  from space 20480K,   2% used [0x000000008c000000, 0x000000008c08ebf0, 0x000000008d400000)
  to   space 20480K,   0% used [0x000000008ac00000, 0x000000008ac00000, 0x000000008c000000)
 concurrent mark-sweep generation total 1709056K, used 1056201K [0x000000008d400000, 0x00000000f5900000, 0x00000000f5a00000)
 concurrent-mark-sweep perm gen total 33648K, used 30736K [0x00000000f5a00000, 0x00000000f7adc000, 0x0000000100000000)
Event: 93779.531 GC heap after
Heap after GC invocations=220 (full 1):
 par new generation   total 184320K, used 270K [0x0000000080c00000, 0x000000008d400000, 0x000000008d400000)
  eden space 163840K,   0% used [0x0000000080c00000, 0x0000000080c00000, 0x000000008ac00000)
  from space 20480K,   1% used [0x000000008ac00000, 0x000000008ac438d8, 0x000000008c000000)
  to   space 20480K,   0% used [0x000000008c000000, 0x000000008c000000, 0x000000008d400000)
 concurrent mark-sweep generation total 1709056K, used 1056348K [0x000000008d400000, 0x00000000f5900000, 0x00000000f5a00000)
 concurrent-mark-sweep perm gen total 33648K, used 30736K [0x00000000f5a00000, 0x00000000f7adc000, 0x0000000100000000)
}
Event: 93804.876 GC heap before
{Heap before GC invocations=220 (full 1):
 par new generation   total 184320K, used 164110K [0x0000000080c00000, 0x000000008d400000, 0x000000008d400000)
  eden space 163840K, 100% used [0x0000000080c00000, 0x000000008ac00000, 0x000000008ac00000)
  from space 20480K,   1% used [0x000000008ac00000, 0x000000008ac438d8, 0x000000008c000000)
  to   space 20480K,   0% used [0x000000008c000000, 0x000000008c000000, 0x000000008d400000)
 concurrent mark-sweep generation total 1709056K, used 1056348K [0x000000008d400000, 0x00000000f5900000, 0x00000000f5a00000)
 concurrent-mark-sweep perm gen total 33648K, used 30736K [0x00000000f5a00000, 0x00000000f7adc000, 0x0000000100000000)
Event: 93804.908 GC heap after
Heap after GC invocations=221 (full 1):
 par new generation   total 184320K, used 3146K [0x0000000080c00000, 0x000000008d400000, 0x000000008d400000)
  eden space 163840K,   0% used [0x0000000080c00000, 0x0000000080c00000, 0x000000008ac00000)
  from space 20480K,  15% used [0x000000008c000000, 0x000000008c312b80, 0x000000008d400000)
  to   space 20480K,   0% used [0x000000008ac00000, 0x000000008ac00000, 0x000000008c000000)
 concurrent mark-sweep generation total 1709056K, used 1056496K [0x000000008d400000, 0x00000000f5900000, 0x00000000f5a00000)
 concurrent-mark-sweep perm gen total 33648K, used 30736K [0x00000000f5a00000, 0x00000000f7adc000, 0x0000000100000000)
}
Event: 93866.343 GC heap before
{Heap before GC invocations=221 (full 1):
 par new generation   total 184320K, used 166986K [0x0000000080c00000, 0x000000008d400000, 0x000000008d400000)
  eden space 163840K, 100% used [0x0000000080c00000, 0x000000008ac00000, 0x000000008ac00000)
  from space 20480K,  15% used [0x000000008c000000, 0x000000008c312b80, 0x000000008d400000)
  to   space 20480K,   0% used [0x000000008ac00000, 0x000000008ac00000, 0x000000008c000000)
 concurrent mark-sweep generation total 1709056K, used 1056496K [0x000000008d400000, 0x00000000f5900000, 0x00000000f5a00000)
 concurrent-mark-sweep perm gen total 33648K, used 30736K [0x00000000f5a00000, 0x00000000f7adc000, 0x0000000100000000)
Event: 93866.550 GC heap after
Heap after GC invocations=222 (full 1):
 par new generation   total 184320K, used 6917K [0x0000000080c00000, 0x000000008d400000, 0x000000008d400000)
  eden space 163840K,   0% used [0x0000000080c00000, 0x0000000080c00000, 0x000000008ac00000)
  from space 20480K,  33% used [0x000000008ac00000, 0x000000008b2c14d0, 0x000000008c000000)
  to   space 20480K,   0% used [0x000000008c000000, 0x000000008c000000, 0x000000008d400000)
 concurrent mark-sweep generation total 1709056K, used 1059576K [0x000000008d400000, 0x00000000f5900000, 0x00000000f5a00000)
 concurrent-mark-sweep perm gen total 33648K, used 30736K [0x00000000f5a00000, 0x00000000f7adc000, 0x0000000100000000)
}
Event: 93920.913 GC heap before
{Heap before GC invocations=222 (full 1):
 par new generation   total 184320K, used 170757K [0x0000000080c00000, 0x000000008d400000, 0x000000008d400000)
  eden space 163840K, 100% used [0x0000000080c00000, 0x000000008ac00000, 0x000000008ac00000)
  from space 20480K,  33% used [0x000000008ac00000, 0x000000008b2c14d0, 0x000000008c000000)
  to   space 20480K,   0% used [0x000000008c000000, 0x000000008c000000, 0x000000008d400000)
 concurrent mark-sweep generation total 1709056K, used 1059576K [0x000000008d400000, 0x00000000f5900000, 0x00000000f5a00000)
 concurrent-mark-sweep perm gen total 33648K, used 30736K [0x00000000f5a00000, 0x00000000f7adc000, 0x0000000100000000)
Event: 93921.016 GC heap after
Heap after GC invocations=223 (full 1):
 par new generation   total 184320K, used 10688K [0x0000000080c00000, 0x000000008d400000, 0x000000008d400000)
  eden space 163840K,   0% used [0x0000000080c00000, 0x0000000080c00000, 0x000000008ac00000)
  from space 20480K,  52% used [0x000000008c000000, 0x000000008ca703d8, 0x000000008d400000)
  to   space 20480K,   0% used [0x000000008ac00000, 0x000000008ac00000, 0x000000008c000000)
 concurrent mark-sweep generation total 1709056K, used 1066043K [0x000000008d400000, 0x00000000f5900000, 0x00000000f5a00000)
 concurrent-mark-sweep perm gen total 33648K, used 30736K [0x00000000f5a00000, 0x00000000f7adc000, 0x0000000100000000)
}

